Arguments: 
  C:\Program Files\nodejs\node.exe C:\Users\User\AppData\Roaming\npm\node_modules\yarn\bin\yarn.js

PATH: 
  C:\Users\User\bin;C:\Program Files\Git\mingw64\bin;C:\Program Files\Git\usr\local\bin;C:\Program Files\Git\usr\bin;C:\Program Files\Git\usr\bin;C:\Program Files\Git\mingw64\bin;C:\Program Files\Git\usr\bin;C:\Users\User\bin;C:\Python310\Scripts;C:\Python310;C:\Program Files\Common Files\Oracle\Java\javapath;C:\Windows\system32;C:\Windows;C:\Windows\System32\Wbem;C:\Windows\System32\WindowsPowerShell\v1.0;C:\Windows\System32\OpenSSH;C:\Program Files (x86)\Bitvise SSH Client;C:\ProgramData\chocolatey\bin;C:\Program Files\Microsoft SQL Server\120\Tools\Binn;C:\Program Files\Git\cmd;C:\Program Files (x86)\NVIDIA Corporation\PhysX\Common;C:\Program Files\NVIDIA Corporation\NVIDIA NvDLISR;C:\Program Files\Go\bin;C:\Program Files\dotnet;C:\Program Files\Git LFS;C:\Program Files\nodejs;C:\Users\User\AppData\Local\Microsoft\WindowsApps;C:\Users\User\AppData\Local\Programs\Microsoft VS Code\bin;C:\Users\User\AppData\Local\GitHubDesktop\bin;C:\Users\User\go\bin;C:\Users\User\.dotnet\tools;C:\Program Files\heroku\bin;C:\Users\User\AppData\Roaming\npm;C:\Program Files\Git\usr\bin\vendor_perl;C:\Program Files\Git\usr\bin\core_perl;C:\Users\User\.foundry\bin

Yarn version: 
  1.22.19

Node version: 
  16.17.1

Platform: 
  win32 x64

Trace: 
  Error: Failed to replace env in config: ${NPM_TOKEN}
      at C:\Users\User\AppData\Roaming\npm\node_modules\yarn\lib\cli.js:94933:13
      at String.replace (<anonymous>)
      at envReplace (C:\Users\User\AppData\Roaming\npm\node_modules\yarn\lib\cli.js:94928:16)
      at Function.normalizeConfig (C:\Users\User\AppData\Roaming\npm\node_modules\yarn\lib\cli.js:31938:69)
      at NpmRegistry.<anonymous> (C:\Users\User\AppData\Roaming\npm\node_modules\yarn\lib\cli.js:31968:34)
      at Generator.next (<anonymous>)
      at step (C:\Users\User\AppData\Roaming\npm\node_modules\yarn\lib\cli.js:310:30)
      at C:\Users\User\AppData\Roaming\npm\node_modules\yarn\lib\cli.js:321:13

npm manifest: 
  {
    "name": "@apeswapfinance/token-lists",
    "version": "1.0.317",
    "description": "",
    "main": "index.js",
    "scripts": {
      "test": "echo \"Error: no test specified\" && exit 1"
    },
    "files": [
      "lists"
    ],
    "repository": {
      "type": "git",
      "url": "git+https://github.com/ApeSwapFinance/apeswap-token-lists.git"
    },
    "author": "",
    "license": "ISC",
    "bugs": {
      "url": "https://github.com/ApeSwapFinance/apeswap-token-lists/issues"
    },
    "homepage": "https://github.com/ApeSwapFinance/apeswap-token-lists#readme"
  }

yarn manifest: 
  No manifest

Lockfile: 
  No lockfile
